2025-01-05 16:31:11,391 - 6620 - INFO - Setting number of nights to 11.
2025-01-05 16:31:11,393 - 6620 - INFO - Available site 1: 103775
2025-01-05 16:31:11,394 - 6620 - INFO - Available site 2: 103776
2025-01-05 16:31:11,394 - 6620 - INFO - Available site 3: 103777
2025-01-05 16:31:11,394 - 6620 - INFO - Available site 4: 103778
2025-01-05 16:31:11,395 - 6620 - INFO - Available site 5: 103780
2025-01-05 16:31:11,396 - 6620 - INFO - Available site 6: 103789
2025-01-05 16:31:11,396 - 6620 - INFO - Available site 7: 103791
2025-01-05 16:31:11,396 - 6620 - INFO - Available site 8: 103793
2025-01-05 16:31:11,398 - 6620 - INFO - Available site 9: 103798
2025-01-05 16:31:11,398 - 6620 - INFO - Available site 10: 103801
2025-01-05 16:31:11,398 - 6620 - INFO - Available site 11: 103813
2025-01-05 16:31:11,735 - 6620 - INFO - Success! Output generated.
2025-01-05 16:32:48,160 - 15688 - INFO - Setting number of nights to 11.
2025-01-05 16:32:48,164 - 15688 - INFO - Available site 1: 103775
2025-01-05 16:32:48,165 - 15688 - INFO - Available site 2: 103776
2025-01-05 16:32:48,165 - 15688 - INFO - Available site 3: 103777
2025-01-05 16:32:48,165 - 15688 - INFO - Available site 4: 103778
2025-01-05 16:32:48,166 - 15688 - INFO - Available site 5: 103780
2025-01-05 16:32:48,167 - 15688 - INFO - Available site 6: 103789
2025-01-05 16:32:48,168 - 15688 - INFO - Available site 7: 103791
2025-01-05 16:32:48,168 - 15688 - INFO - Available site 8: 103793
2025-01-05 16:32:48,169 - 15688 - INFO - Available site 9: 103798
2025-01-05 16:32:48,170 - 15688 - INFO - Available site 10: 103801
2025-01-05 16:32:48,172 - 15688 - INFO - Available site 11: 103813
2025-01-05 16:32:48,535 - 15688 - INFO - Notifier logging
2025-01-05 16:32:48,535 - 15688 - INFO - Message limit: 10000, Remaining: 9994
2025-01-05 16:32:48,535 - 15688 - INFO - Success! Output generated.
2025-01-05 16:34:28,610 - 11304 - INFO - Setting number of nights to 11.
2025-01-05 16:34:28,611 - 11304 - INFO - Available site 1: 103775
2025-01-05 16:34:28,612 - 11304 - INFO - Available site 2: 103776
2025-01-05 16:34:28,612 - 11304 - INFO - Available site 3: 103777
2025-01-05 16:34:28,612 - 11304 - INFO - Available site 4: 103778
2025-01-05 16:34:28,613 - 11304 - INFO - Available site 5: 103780
2025-01-05 16:34:28,613 - 11304 - INFO - Available site 6: 103789
2025-01-05 16:34:28,614 - 11304 - INFO - Available site 7: 103791
2025-01-05 16:34:28,614 - 11304 - INFO - Available site 8: 103793
2025-01-05 16:34:28,614 - 11304 - INFO - Available site 9: 103798
2025-01-05 16:34:28,615 - 11304 - INFO - Available site 10: 103801
2025-01-05 16:34:28,616 - 11304 - INFO - Available site 11: 103813
2025-01-05 16:34:28,618 - 11304 - INFO - Success! Output generated.
2025-01-05 16:34:51,632 - 4736 - INFO - Setting number of nights to 11.
2025-01-05 16:34:51,634 - 4736 - INFO - Available site 1: 103775
2025-01-05 16:34:51,635 - 4736 - INFO - Available site 2: 103776
2025-01-05 16:34:51,635 - 4736 - INFO - Available site 3: 103777
2025-01-05 16:34:51,635 - 4736 - INFO - Available site 4: 103778
2025-01-05 16:34:51,636 - 4736 - INFO - Available site 5: 103780
2025-01-05 16:34:51,637 - 4736 - INFO - Available site 6: 103789
2025-01-05 16:34:51,637 - 4736 - INFO - Available site 7: 103791
2025-01-05 16:34:51,638 - 4736 - INFO - Available site 8: 103793
2025-01-05 16:34:51,639 - 4736 - INFO - Available site 9: 103798
2025-01-05 16:34:51,639 - 4736 - INFO - Available site 10: 103801
2025-01-05 16:34:51,641 - 4736 - INFO - Available site 11: 103813
2025-01-05 16:34:51,643 - 4736 - INFO - Success! Output generated.
2025-01-05 16:36:20,597 - 14636 - INFO - Received inputs: start_date=%s, end_date=%s, nights=%s, campsite_ids=%s, show_campsite_info=%s, campsite_type=%s, json_output=%s, weekends_only=%s, exclusion_file=%s, parks=%s, stdin=%s, source=%s, notify=%s
2025-01-05 16:36:21,060 - 14636 - INFO - Setting number of nights to 11.
2025-01-05 16:36:21,063 - 14636 - INFO - Available site 1: 103775
2025-01-05 16:36:21,063 - 14636 - INFO - Available site 2: 103776
2025-01-05 16:36:21,064 - 14636 - INFO - Available site 3: 103777
2025-01-05 16:36:21,064 - 14636 - INFO - Available site 4: 103778
2025-01-05 16:36:21,064 - 14636 - INFO - Available site 5: 103780
2025-01-05 16:36:21,065 - 14636 - INFO - Available site 6: 103789
2025-01-05 16:36:21,065 - 14636 - INFO - Available site 7: 103791
2025-01-05 16:36:21,066 - 14636 - INFO - Available site 8: 103793
2025-01-05 16:36:21,066 - 14636 - INFO - Available site 9: 103798
2025-01-05 16:36:21,067 - 14636 - INFO - Available site 10: 103801
2025-01-05 16:36:21,068 - 14636 - INFO - Available site 11: 103813
2025-01-05 16:36:21,069 - 14636 - INFO - Success! Output generated.
2025-01-05 16:36:38,991 - 15812 - INFO - Received inputs: start_date=2025-01-30 00:00:00, end_date=2025-02-10 00:00:00, nights=None, campsite_ids=(), show_campsite_info=False, campsite_type=None, json_output=False, weekends_only=False, exclusion_file=False, parks=(272299,), stdin=False, source=recreation, notify=False
2025-01-05 16:36:39,749 - 15812 - INFO - Setting number of nights to 11.
2025-01-05 16:36:39,756 - 15812 - INFO - Available site 1: 103775
2025-01-05 16:36:39,757 - 15812 - INFO - Available site 2: 103776
2025-01-05 16:36:39,758 - 15812 - INFO - Available site 3: 103777
2025-01-05 16:36:39,759 - 15812 - INFO - Available site 4: 103778
2025-01-05 16:36:39,760 - 15812 - INFO - Available site 5: 103780
2025-01-05 16:36:39,764 - 15812 - INFO - Available site 6: 103789
2025-01-05 16:36:39,765 - 15812 - INFO - Available site 7: 103791
2025-01-05 16:36:39,766 - 15812 - INFO - Available site 8: 103793
2025-01-05 16:36:39,768 - 15812 - INFO - Available site 9: 103798
2025-01-05 16:36:39,769 - 15812 - INFO - Available site 10: 103801
2025-01-05 16:36:39,772 - 15812 - INFO - Available site 11: 103813
2025-01-05 16:36:39,775 - 15812 - INFO - Success! Output generated.
2025-01-05 16:38:59,940 - 10136 - INFO - Received inputs: start_date=2025-01-30 00:00:00, end_date=2025-02-10 00:00:00, nights=None, campsite_ids=(), show_campsite_info=False, campsite_type=None, json_output=False, weekends_only=False, exclusion_file=False, parks=(272299,), stdin=False, source=recreation, notify=True
2025-01-05 16:39:01,091 - 10136 - INFO - Setting number of nights to 11.
2025-01-05 16:39:01,095 - 10136 - INFO - Available site 1: 103775
2025-01-05 16:39:01,096 - 10136 - INFO - Available site 2: 103776
2025-01-05 16:39:01,096 - 10136 - INFO - Available site 3: 103777
2025-01-05 16:39:01,097 - 10136 - INFO - Available site 4: 103778
2025-01-05 16:39:01,098 - 10136 - INFO - Available site 5: 103780
2025-01-05 16:39:01,100 - 10136 - INFO - Available site 6: 103789
2025-01-05 16:39:01,100 - 10136 - INFO - Available site 7: 103791
2025-01-05 16:39:01,101 - 10136 - INFO - Available site 8: 103793
2025-01-05 16:39:01,102 - 10136 - INFO - Available site 9: 103798
2025-01-05 16:39:01,103 - 10136 - INFO - Available site 10: 103801
2025-01-05 16:39:01,105 - 10136 - INFO - Available site 11: 103813
2025-01-05 16:39:01,971 - 10136 - INFO - Message limit: 10000, Remaining: 9993
2025-01-05 16:39:01,971 - 10136 - INFO - Success! Output generated.
2025-01-05 16:39:34,138 - 13340 - INFO - Received inputs: start_date=2025-01-30 00:00:00, end_date=2025-02-10 00:00:00, nights=None, campsite_ids=(), show_campsite_info=False, campsite_type=None, json_output=False, weekends_only=False, exclusion_file=False, parks=(272299,), stdin=False, source=recreation, notify=True
2025-01-05 16:39:34,889 - 13340 - INFO - Setting number of nights to 11.
2025-01-05 16:39:34,891 - 13340 - INFO - Available site 1: 103775
2025-01-05 16:39:34,891 - 13340 - INFO - Available site 2: 103776
2025-01-05 16:39:34,891 - 13340 - INFO - Available site 3: 103777
2025-01-05 16:39:34,892 - 13340 - INFO - Available site 4: 103778
2025-01-05 16:39:34,892 - 13340 - INFO - Available site 5: 103780
2025-01-05 16:39:34,893 - 13340 - INFO - Available site 6: 103789
2025-01-05 16:39:34,894 - 13340 - INFO - Available site 7: 103791
2025-01-05 16:39:34,894 - 13340 - INFO - Available site 8: 103793
2025-01-05 16:39:34,894 - 13340 - INFO - Available site 9: 103798
2025-01-05 16:39:34,895 - 13340 - INFO - Available site 10: 103801
2025-01-05 16:39:34,896 - 13340 - INFO - Available site 11: 103813
2025-01-05 16:39:35,879 - 13340 - INFO - Message limit: 10000, Remaining: 9992
2025-01-05 16:39:35,879 - 13340 - INFO - Success! Output generated.
